<?xml version="1.0" encoding="UTF-8"?>
<!-- Generated by org.testng.reporters.JUnitReportReporter -->
<testsuite hostname="Lenovo-PC" name="DataDriven.MercuryDataDriven" tests="2" failures="0" timestamp="8 Jun 2019 22:35:24 GMT" time="28.598" errors="0">
  <testcase name="SecondTestverifyRegisterLink" time="5.796" classname="DataDriven.MercuryDataDriven"/>
  <testcase name="SecondTestuserRegistration" time="22.802" classname="DataDriven.MercuryDataDriven"/>
</testsuite> <!-- DataDriven.MercuryDataDriven -->
